<?xml version="1.0" encoding="UTF-8"?>
<!-- Generated by org.testng.reporters.JUnitReportReporter -->
<testsuite hostname="hp1" failures="0" tests="6" name="MobileTests.TC_MobileRegisterTest_007" time="97.578" errors="0" timestamp="2023-09-20T16:21:42 IST" skipped="0">
  <testcase classname="MobileTests.TC_MobileRegisterTest_007" name="RegisterTest" time="41.518"/>
  <system-out/>
  <testcase classname="MobileTests.TC_MobileRegisterTest_007" name="NotConfirmUsernameField" time="19.808"/>
  <system-out/>
  <testcase classname="MobileTests.TC_MobileRegisterTest_007" name="IncorrectConfirmUsernameField" time="16.394"/>
  <system-out/>
  <testcase classname="MobileTests.TC_MobileRegisterTest_007" name="WithoutSelectingCheckBoxRegistration" time="10.836"/>
  <system-out/>
  <testcase classname="MobileTests.TC_MobileRegisterTest_007" name="WithoutDataRegistration" time="5.691"/>
  <system-out/>
  <testcase classname="MobileTests.TC_MobileRegisterTest_007" name="ClickHelp" time="3.331"/>
  <system-out/>
</testsuite> <!-- MobileTests.TC_MobileRegisterTest_007 -->
