<?xml version="1.0" encoding="UTF-8"?>
<!-- Generated by org.testng.reporters.JUnitReportReporter -->
<testsuite hostname="hp1" failures="0" tests="1" name="MobileTests.TC_MobileViewPrescriptionTest_005" time="21.674" errors="0" timestamp="2023-09-20T16:21:43 IST" skipped="0">
  <testcase classname="MobileTests.TC_MobileViewPrescriptionTest_005" name="ViewPrescriptionTest" time="21.674"/>
  <system-out/>
</testsuite> <!-- MobileTests.TC_MobileViewPrescriptionTest_005 -->
